Serial Execution

Input file(s): 
  - files/1.txt
  - files/2.txt
  - files/3.txt
  - files/4.txt
  - files/5.txt
  - files/6.txt
  - files/7.txt
  - files/8.txt
  - files/9.txt
  - files/11.txt
  - files/12.txt
  - files/13.txt
  - files/14.txt
  - files/15.txt
  - files/16.txt

Output file: 
  - new_serial_wc.txt

Starting to count words for files/1.txt
Finished counting words for files/1.txt
File took 0.0125029seconds

Starting to count words for files/2.txt
Finished counting words for files/2.txt
File took 0.00537896seconds

Starting to count words for files/3.txt
Finished counting words for files/3.txt
File took 0.0754321seconds

Starting to count words for files/4.txt
Finished counting words for files/4.txt
File took 0.0417089seconds

Starting to count words for files/5.txt
Finished counting words for files/5.txt
File took 0.117566seconds

Starting to count words for files/6.txt
Finished counting words for files/6.txt
File took 0.047565seconds

Starting to count words for files/7.txt
Finished counting words for files/7.txt
File took 0.002563seconds

Starting to count words for files/8.txt
Finished counting words for files/8.txt
File took 0.00505209seconds

Starting to count words for files/9.txt
Finished counting words for files/9.txt
File took 0.071455seconds

Starting to count words for files/11.txt
Finished counting words for files/11.txt
File took 0.0230041seconds

Starting to count words for files/12.txt
Finished counting words for files/12.txt
File took 0.01354seconds

Starting to count words for files/13.txt
Finished counting words for files/13.txt
File took 0.00512195seconds

Starting to count words for files/14.txt
Finished counting words for files/14.txt
File took 0.0197051seconds

Starting to count words for files/15.txt
Finished counting words for files/15.txt
File took 0.0258532seconds

Starting to count words for files/16.txt
Finished counting words for files/16.txt
File took 0.00810289seconds

Serial execution time 0.475052seconds
