OpenMP Execution

Program Configuration
	Maximm number of threads available = 8

Input file(s): 
  - files/1.txt
  - files/2.txt
  - files/3.txt
  - files/4.txt
  - files/5.txt
  - files/6.txt
  - files/7.txt
  - files/8.txt
  - files/9.txt
  - files/11.txt
  - files/12.txt
  - files/13.txt
  - files/14.txt
  - files/15.txt
  - files/16.txt

Output file: 
  - combined_omp_wc.txt
Target number of chunks per file: 80

Starting to count words for files/1.txt

Splitting buffer to chunks took 0.00123405seconds

Getting word counts took 0.01214seconds
Finished counting words for files/1.txt

File took 0.014148seconds

Starting to count words for files/2.txt

Splitting buffer to chunks took 0.000818968seconds

Getting word counts took 0.00457311seconds
Finished counting words for files/2.txt

File took 0.00571012seconds

Starting to count words for files/3.txt

Splitting buffer to chunks took 0.00338697seconds

Getting word counts took 0.068882seconds
Finished counting words for files/3.txt

File took 0.0727031seconds

Starting to count words for files/4.txt

Splitting buffer to chunks took 0.0019958seconds

Getting word counts took 0.036968seconds
Finished counting words for files/4.txt

File took 0.039485seconds

Starting to count words for files/5.txt

Splitting buffer to chunks took 0.00453305seconds

Getting word counts took 0.103317seconds
Finished counting words for files/5.txt

File took 0.108254seconds

Starting to count words for files/6.txt

Splitting buffer to chunks took 0.00218296seconds

Getting word counts took 0.0417778seconds
Finished counting words for files/6.txt

File took 0.044338seconds

Starting to count words for files/7.txt

Splitting buffer to chunks took 0.000488043seconds

Getting word counts took 0.00170588seconds
Finished counting words for files/7.txt

File took 0.00247097seconds

Starting to count words for files/8.txt

Splitting buffer to chunks took 0.000789881seconds

Getting word counts took 0.00397182seconds
Finished counting words for files/8.txt

File took 0.00511217seconds

Starting to count words for files/9.txt

Splitting buffer to chunks took 0.00326705seconds

Getting word counts took 0.0624821seconds
Finished counting words for files/9.txt

File took 0.0661349seconds

Starting to count words for files/11.txt

Splitting buffer to chunks took 0.001436seconds

Getting word counts took 0.0209761seconds
Finished counting words for files/11.txt

File took 0.0227849seconds

Starting to count words for files/12.txt

Splitting buffer to chunks took 0.00114799seconds

Getting word counts took 0.0107319seconds
Finished counting words for files/12.txt

File took 0.0121579seconds

Starting to count words for files/13.txt

Splitting buffer to chunks took 0.000760078seconds

Getting word counts took 0.00369596seconds
Finished counting words for files/13.txt

File took 0.00475097seconds

Starting to count words for files/14.txt

Splitting buffer to chunks took 0.00124383seconds

Getting word counts took 0.0161159seconds
Finished counting words for files/14.txt

File took 0.0176721seconds

Starting to count words for files/15.txt

Splitting buffer to chunks took 0.00135398seconds

Getting word counts took 0.022028seconds
Finished counting words for files/15.txt

File took 0.0236909seconds

Starting to count words for files/16.txt

Splitting buffer to chunks took 0.00128388seconds

Getting word counts took 0.00621605seconds
Finished counting words for files/16.txt

File took 0.00790811seconds

Parallel execution time 0.447371seconds
