OpenMP Execution

Program Configuration
	Maximm number of threads available = 2

Input file(s): 
  - files/1.txt
  - files/2.txt
  - files/3.txt
  - files/4.txt
  - files/5.txt
  - files/6.txt
  - files/7.txt
  - files/8.txt
  - files/9.txt
  - files/11.txt
  - files/12.txt
  - files/13.txt
  - files/14.txt
  - files/15.txt
  - files/16.txt

Output file: 
  - combined_omp_wc.txt
Target number of chunks per file: 10

Parallel execution time 0.621771seconds
Total time spent on chunkifying 0.0272758seconds (4.38679%)
Total time spent on mapping 0.587844seconds (94.5435%)

