OpenMP Execution

Program Configuration
	Maximm number of threads available = 20

Input file(s): 
  - files/1.txt
  - files/2.txt
  - files/3.txt
  - files/4.txt
  - files/5.txt
  - files/6.txt
  - files/7.txt
  - files/8.txt
  - files/9.txt
  - files/11.txt
  - files/12.txt
  - files/13.txt
  - files/14.txt
  - files/15.txt
  - files/16.txt

Output file: 
  - combined_omp_wc.txt
Target number of chunks per file: 200

Starting to count words for files/1.txt
Splitting buffer to chunks took 0.00109315seconds
Getting word counts took 0.0169699seconds
Finished counting words for files/1.txt
File took 0.0262909seconds

Starting to count words for files/2.txt
Splitting buffer to chunks took 0.000711918seconds
Getting word counts took 0.00682521seconds
Finished counting words for files/2.txt
File took 0.00795603seconds

Starting to count words for files/3.txt
Splitting buffer to chunks took 0.00385809seconds
Getting word counts took 0.105434seconds
Finished counting words for files/3.txt
File took 0.109764seconds

Starting to count words for files/4.txt
Splitting buffer to chunks took 0.00205088seconds
Getting word counts took 0.11301seconds
Finished counting words for files/4.txt
File took 0.115476seconds

Starting to count words for files/5.txt
Splitting buffer to chunks took 0.00473213seconds
Getting word counts took 0.094816seconds
Finished counting words for files/5.txt
File took 0.100025seconds

Starting to count words for files/6.txt
Splitting buffer to chunks took 0.00196004seconds
Getting word counts took 0.0434222seconds
Finished counting words for files/6.txt
File took 0.045742seconds

Starting to count words for files/7.txt
Splitting buffer to chunks took 0.000375032seconds
Getting word counts took 0.00334382seconds
Finished counting words for files/7.txt
File took 0.00404119seconds

Starting to count words for files/8.txt
Splitting buffer to chunks took 0.000860929seconds
Getting word counts took 0.0049448seconds
Finished counting words for files/8.txt
File took 0.00610495seconds

Starting to count words for files/9.txt
Splitting buffer to chunks took 0.00348711seconds
Getting word counts took 0.0599909seconds
Finished counting words for files/9.txt
File took 0.0637999seconds

Starting to count words for files/11.txt
Splitting buffer to chunks took 0.00136805seconds
Getting word counts took 0.0203509seconds
Finished counting words for files/11.txt
File took 0.022054seconds

Starting to count words for files/12.txt
Splitting buffer to chunks took 0.00103998seconds
Getting word counts took 0.0102718seconds
Finished counting words for files/12.txt
File took 0.0115921seconds

Starting to count words for files/13.txt
Splitting buffer to chunks took 0.00071311seconds
Getting word counts took 0.00364184seconds
Finished counting words for files/13.txt
File took 0.00476909seconds

Starting to count words for files/14.txt
Splitting buffer to chunks took 0.000998974seconds
Getting word counts took 0.016191seconds
Finished counting words for files/14.txt
File took 0.0175261seconds

Starting to count words for files/15.txt
Splitting buffer to chunks took 0.001688seconds
Getting word counts took 0.0219111seconds
Finished counting words for files/15.txt
File took 0.0238981seconds

Starting to count words for files/16.txt
Splitting buffer to chunks took 0.000791073seconds
Getting word counts took 0.00727081seconds
Finished counting words for files/16.txt
File took 0.00832415seconds

Parallel execution time 0.567421seconds
Total time spent on chunkifying 0.0257285seconds (4.53428%)
Total time spent on mapping 0.528394seconds (93.1221%)
