OpenMP Execution

Program Configuration
	Maximm number of threads available = 20

Input file(s): 
  - files/1.txt
  - files/2.txt
  - files/3.txt
  - files/4.txt
  - files/5.txt
  - files/6.txt
  - files/7.txt
  - files/8.txt
  - files/9.txt
  - files/11.txt
  - files/12.txt
  - files/13.txt
  - files/14.txt
  - files/15.txt
  - files/16.txt

Output file: 
  - combined_omp_wc.txt
Target number of chunks per file: 200

Starting to count words for files/1.txt
Splitting buffer to chunks took 0.00146008seconds
Getting word counts took 0.0114191seconds
Finished counting words for files/1.txt
File took 0.0135539seconds

Starting to count words for files/2.txt
Splitting buffer to chunks took 0.000651121seconds
Getting word counts took 0.0040381seconds
Finished counting words for files/2.txt
File took 0.00500798seconds

Starting to count words for files/3.txt
Splitting buffer to chunks took 0.00311995seconds
Getting word counts took 0.0631931seconds
Finished counting words for files/3.txt
File took 0.0666859seconds

Starting to count words for files/4.txt
Splitting buffer to chunks took 0.0022459seconds
Getting word counts took 0.038482seconds
Finished counting words for files/4.txt
File took 0.041111seconds

Starting to count words for files/5.txt
Splitting buffer to chunks took 0.00528812seconds
Getting word counts took 0.08848seconds
Finished counting words for files/5.txt
File took 0.094177seconds

Starting to count words for files/6.txt
Splitting buffer to chunks took 0.00260592seconds
Getting word counts took 0.0411119seconds
Finished counting words for files/6.txt
File took 0.0441148seconds

Starting to count words for files/7.txt
Splitting buffer to chunks took 0.000454903seconds
Getting word counts took 0.00330687seconds
Finished counting words for files/7.txt
File took 0.00405407seconds

Starting to count words for files/8.txt
Splitting buffer to chunks took 0.000813007seconds
Getting word counts took 0.00467515seconds
Finished counting words for files/8.txt
File took 0.00576019seconds

Starting to count words for files/9.txt
Splitting buffer to chunks took 0.00468779seconds
Getting word counts took 0.0571361seconds
Finished counting words for files/9.txt
File took 0.0622041seconds

Starting to count words for files/11.txt
Splitting buffer to chunks took 0.00146294seconds
Getting word counts took 0.019383seconds
Finished counting words for files/11.txt
File took 0.0212631seconds

Starting to count words for files/12.txt
Splitting buffer to chunks took 0.00101614seconds
Getting word counts took 0.00963497seconds
Finished counting words for files/12.txt
File took 0.0109041seconds

Starting to count words for files/13.txt
Splitting buffer to chunks took 0.000727892seconds
Getting word counts took 0.00345111seconds
Finished counting words for files/13.txt
File took 0.00444603seconds

Starting to count words for files/14.txt
Splitting buffer to chunks took 0.00126696seconds
Getting word counts took 0.0147381seconds
Finished counting words for files/14.txt
File took 0.0162561seconds

Starting to count words for files/15.txt
Splitting buffer to chunks took 0.00205994seconds
Getting word counts took 0.0200441seconds
Finished counting words for files/15.txt
File took 0.0224631seconds

Starting to count words for files/16.txt
Splitting buffer to chunks took 0.000947952seconds
Getting word counts took 0.00581288seconds
Finished counting words for files/16.txt
File took 0.00704098seconds

Parallel execution time 0.419096seconds
