OpenMP Execution

Program Configuration
	Maximm number of threads available = 8

Input file(s): 
  - files/1.txt
  - files/2.txt
  - files/3.txt
  - files/4.txt
  - files/5.txt
  - files/6.txt
  - files/7.txt
  - files/8.txt
  - files/9.txt
  - files/11.txt
  - files/12.txt
  - files/13.txt
  - files/14.txt
  - files/15.txt
  - files/16.txt

Output file: 
  - combined_omp_wc.txt
Target number of chunks per file: 80

Starting to count words for files/1.txt

Splitting buffer to chunks took 0.00116611seconds

Getting word counts took 0.0109689seconds
Finished counting words for files/1.txt

Starting to count words for files/2.txt

Splitting buffer to chunks took 0.000941038seconds

Getting word counts took 0.00428915seconds
Finished counting words for files/2.txt

Starting to count words for files/3.txt

Splitting buffer to chunks took 0.0033989seconds

Getting word counts took 0.0634329seconds
Finished counting words for files/3.txt

Starting to count words for files/4.txt

Splitting buffer to chunks took 0.00164199seconds

Getting word counts took 0.034483seconds
Finished counting words for files/4.txt

Starting to count words for files/5.txt

Splitting buffer to chunks took 0.00493288seconds

Getting word counts took 0.09918seconds
Finished counting words for files/5.txt

Starting to count words for files/6.txt

Splitting buffer to chunks took 0.00222301seconds

Getting word counts took 0.0402369seconds
Finished counting words for files/6.txt

Starting to count words for files/7.txt

Splitting buffer to chunks took 0.000414848seconds

Getting word counts took 0.001647seconds
Finished counting words for files/7.txt

Starting to count words for files/8.txt

Splitting buffer to chunks took 0.00100613seconds

Getting word counts took 0.00384903seconds
Finished counting words for files/8.txt

Starting to count words for files/9.txt

Splitting buffer to chunks took 0.00410914seconds

Getting word counts took 0.059927seconds
Finished counting words for files/9.txt

Starting to count words for files/11.txt

Splitting buffer to chunks took 0.0015831seconds

Getting word counts took 0.0203171seconds
Finished counting words for files/11.txt

Starting to count words for files/12.txt

Splitting buffer to chunks took 0.00147891seconds

Getting word counts took 0.0102708seconds
Finished counting words for files/12.txt

Starting to count words for files/13.txt

Splitting buffer to chunks took 0.000797033seconds

Getting word counts took 0.00348282seconds
Finished counting words for files/13.txt

Starting to count words for files/14.txt

Splitting buffer to chunks took 0.00162888seconds

Getting word counts took 0.0154741seconds
Finished counting words for files/14.txt

Starting to count words for files/15.txt

Splitting buffer to chunks took 0.00170183seconds

Getting word counts took 0.0210919seconds
Finished counting words for files/15.txt

Starting to count words for files/16.txt

Splitting buffer to chunks took 0.000941038seconds

Getting word counts took 0.00607705seconds
Finished counting words for files/16.txt

Parallel execution time 0.42822seconds
