OpenMP Execution

Program Configuration
	Maximm number of threads available = 20

Input file(s): 
  - files/1.txt
  - files/2.txt
  - files/3.txt
  - files/4.txt
  - files/5.txt
  - files/6.txt
  - files/7.txt
  - files/8.txt
  - files/9.txt
  - files/11.txt
  - files/12.txt
  - files/13.txt
  - files/14.txt
  - files/15.txt
  - files/16.txt

Output file: 
  - combined_omp_wc.txt
Target number of chunks per file: 200

Starting to count words for files/1.txt
Splitting buffer to chunks took 0.00106502seconds
Getting word counts took 0.0100639seconds
Finished counting words for files/1.txt
File took 0.0117331seconds

Starting to count words for files/2.txt
Splitting buffer to chunks took 0.00077796seconds
Getting word counts took 0.00370598seconds
Finished counting words for files/2.txt
File took 0.00482297seconds

Starting to count words for files/3.txt
Splitting buffer to chunks took 0.0035181seconds
Getting word counts took 0.045836seconds
Finished counting words for files/3.txt
File took 0.0498052seconds

Starting to count words for files/4.txt
Splitting buffer to chunks took 0.00191903seconds
Getting word counts took 0.026726seconds
Finished counting words for files/4.txt
File took 0.029053seconds

Starting to count words for files/5.txt
Splitting buffer to chunks took 0.00474906seconds
Getting word counts took 0.0700259seconds
Finished counting words for files/5.txt
File took 0.0752201seconds

Starting to count words for files/6.txt
Splitting buffer to chunks took 0.00236988seconds
Getting word counts took 0.0272391seconds
Finished counting words for files/6.txt
File took 0.0300992seconds

Starting to count words for files/7.txt
Splitting buffer to chunks took 0.000560045seconds
Getting word counts took 0.001297seconds
Finished counting words for files/7.txt
File took 0.00231504seconds

Starting to count words for files/8.txt
Splitting buffer to chunks took 0.000758886seconds
Getting word counts took 0.00275683seconds
Finished counting words for files/8.txt
File took 0.00380397seconds

Starting to count words for files/9.txt
Splitting buffer to chunks took 0.00339293seconds
Getting word counts took 0.0424111seconds
Finished counting words for files/9.txt
File took 0.0461771seconds

Starting to count words for files/11.txt
Splitting buffer to chunks took 0.00152898seconds
Getting word counts took 0.013833seconds
Finished counting words for files/11.txt
File took 0.0156832seconds

Starting to count words for files/12.txt
Splitting buffer to chunks took 0.00118113seconds
Getting word counts took 0.00729704seconds
Finished counting words for files/12.txt
File took 0.00897503seconds

Starting to count words for files/13.txt
Splitting buffer to chunks took 0.000602007seconds
Getting word counts took 0.00257683seconds
Finished counting words for files/13.txt
File took 0.00346398seconds

Starting to count words for files/14.txt
Splitting buffer to chunks took 0.00106812seconds
Getting word counts took 0.010536seconds
Finished counting words for files/14.txt
File took 0.011857seconds

Starting to count words for files/15.txt
Splitting buffer to chunks took 0.00174904seconds
Getting word counts took 0.0143311seconds
Finished counting words for files/15.txt
File took 0.0163901seconds

Starting to count words for files/16.txt
Splitting buffer to chunks took 0.000914097seconds
Getting word counts took 0.00422502seconds
Finished counting words for files/16.txt
File took 0.00544691seconds

Parallel execution time 0.3149seconds
Total time spent on chunkifying 0.0261543seconds (8.30558%)
Total time spent on mapping 0.282861seconds (89.8255%)
