OpenMP Execution

Program Configuration
	Maximm number of threads available = 8

Input file(s): 
  - files/1.txt
  - files/2.txt
  - files/3.txt
  - files/4.txt
  - files/5.txt
  - files/6.txt
  - files/7.txt
  - files/8.txt
  - files/9.txt
  - files/11.txt
  - files/12.txt
  - files/13.txt
  - files/14.txt
  - files/15.txt
  - files/16.txt

Output file: 
  - combined_omp_wc.txt
Target number of chunks per file: 40

Parallel execution time 0.31926seconds
Total time spent on chunkifying 0.027179seconds (8.51313%)
Total time spent on mapping 0.286705seconds (89.803%)

