OpenMP Execution

Program Configuration
	Maximm number of threads available = 20

Input file(s): 
  - files/1.txt
  - files/2.txt
  - files/3.txt
  - files/4.txt
  - files/5.txt
  - files/6.txt
  - files/7.txt
  - files/8.txt
  - files/9.txt
  - files/11.txt
  - files/12.txt
  - files/13.txt
  - files/14.txt
  - files/15.txt
  - files/16.txt

Output file: 
  - combined_omp_wc.txt
Target number of chunks per file: 200

Starting to count words for files/1.txt
Splitting buffer to chunks took 0.000933886seconds
Getting word counts took 0.00999379seconds
Finished counting words for files/1.txt
File took 0.0115809seconds

Starting to count words for files/2.txt
Splitting buffer to chunks took 0.000622988seconds
Getting word counts took 0.00334191seconds
Finished counting words for files/2.txt
File took 0.00423598seconds

Starting to count words for files/3.txt
Splitting buffer to chunks took 0.00334501seconds
Getting word counts took 0.0444241seconds
Finished counting words for files/3.txt
File took 0.0481231seconds

Starting to count words for files/4.txt
Splitting buffer to chunks took 0.001688seconds
Getting word counts took 0.024946seconds
Finished counting words for files/4.txt
File took 0.0269241seconds

Starting to count words for files/5.txt
Splitting buffer to chunks took 0.00533509seconds
Getting word counts took 0.066843seconds
Finished counting words for files/5.txt
File took 0.0725932seconds

Starting to count words for files/6.txt
Splitting buffer to chunks took 0.00197315seconds
Getting word counts took 0.0280671seconds
Finished counting words for files/6.txt
File took 0.030339seconds

Starting to count words for files/7.txt
Splitting buffer to chunks took 0.000498056seconds
Getting word counts took 0.00135207seconds
Finished counting words for files/7.txt
File took 0.00214195seconds

Starting to count words for files/8.txt
Splitting buffer to chunks took 0.000754118seconds
Getting word counts took 0.00293899seconds
Finished counting words for files/8.txt
File took 0.0039432seconds

Starting to count words for files/9.txt
Splitting buffer to chunks took 0.00351501seconds
Getting word counts took 0.041997seconds
Finished counting words for files/9.txt
File took 0.0458441seconds

Starting to count words for files/11.txt
Splitting buffer to chunks took 0.00137305seconds
Getting word counts took 0.01478seconds
Finished counting words for files/11.txt
File took 0.016428seconds

Starting to count words for files/12.txt
Splitting buffer to chunks took 0.00111389seconds
Getting word counts took 0.00760794seconds
Finished counting words for files/12.txt
File took 0.00917006seconds

Starting to count words for files/13.txt
Splitting buffer to chunks took 0.000724077seconds
Getting word counts took 0.00265718seconds
Finished counting words for files/13.txt
File took 0.00364614seconds

Starting to count words for files/14.txt
Splitting buffer to chunks took 0.00119305seconds
Getting word counts took 0.0110121seconds
Finished counting words for files/14.txt
File took 0.0124691seconds

Starting to count words for files/15.txt
Splitting buffer to chunks took 0.00131989seconds
Getting word counts took 0.014879seconds
Finished counting words for files/15.txt
File took 0.0164878seconds

Starting to count words for files/16.txt
Splitting buffer to chunks took 0.000895977seconds
Getting word counts took 0.00441694seconds
Finished counting words for files/16.txt
File took 0.00560188seconds

Parallel execution time 0.309584seconds
Total time spent on chunkifying 0.0252852seconds (8.16749%)
Total time spent on mapping 0.279257seconds (90.204%)

