OpenMP Execution

Program Configuration
	Maximm number of threads available = 20

Input file(s): 
  - files/1.txt
  - files/2.txt
  - files/3.txt
  - files/4.txt
  - files/5.txt
  - files/6.txt
  - files/7.txt
  - files/8.txt
  - files/9.txt
  - files/11.txt
  - files/12.txt
  - files/13.txt
  - files/14.txt
  - files/15.txt
  - files/16.txt

Output file: 
  - combined_omp_wc.txt
Target number of chunks per file: 200

Starting to count words for files/1.txt
Splitting buffer to chunks took 0.0010581seconds
Getting word counts took 0.010834seconds
Finished counting words for files/1.txt
File took 0.0124981seconds

Starting to count words for files/2.txt
Splitting buffer to chunks took 0.000539064seconds
Getting word counts took 0.00402403seconds
Finished counting words for files/2.txt
File took 0.004807seconds

Starting to count words for files/3.txt
Splitting buffer to chunks took 0.00320101seconds
Getting word counts took 0.0557861seconds
Finished counting words for files/3.txt
File took 0.0593479seconds

Starting to count words for files/4.txt
Splitting buffer to chunks took 0.00264287seconds
Getting word counts took 0.0302031seconds
Finished counting words for files/4.txt
File took 0.0332611seconds

Starting to count words for files/5.txt
Splitting buffer to chunks took 0.00506997seconds
Getting word counts took 0.0765369seconds
Finished counting words for files/5.txt
File took 0.0820191seconds

Starting to count words for files/6.txt
Splitting buffer to chunks took 0.00214505seconds
Getting word counts took 0.032377seconds
Finished counting words for files/6.txt
File took 0.034827seconds

Starting to count words for files/7.txt
Splitting buffer to chunks took 0.00045085seconds
Getting word counts took 0.00153399seconds
Finished counting words for files/7.txt
File took 0.00230312seconds

Starting to count words for files/8.txt
Splitting buffer to chunks took 0.000775814seconds
Getting word counts took 0.00332189seconds
Finished counting words for files/8.txt
File took 0.00436711seconds

Starting to count words for files/9.txt
Splitting buffer to chunks took 0.00330091seconds
Getting word counts took 0.0493309seconds
Finished counting words for files/9.txt
File took 0.0529501seconds

Starting to count words for files/11.txt
Splitting buffer to chunks took 0.00127888seconds
Getting word counts took 0.0162292seconds
Finished counting words for files/11.txt
File took 0.0178161seconds

Starting to count words for files/12.txt
Splitting buffer to chunks took 0.00127482seconds
Getting word counts took 0.00874901seconds
Finished counting words for files/12.txt
File took 0.0103359seconds

Starting to count words for files/13.txt
Splitting buffer to chunks took 0.000751972seconds
Getting word counts took 0.00301814seconds
Finished counting words for files/13.txt
File took 0.0041759seconds

Starting to count words for files/14.txt
Splitting buffer to chunks took 0.00106406seconds
Getting word counts took 0.0126362seconds
Finished counting words for files/14.txt
File took 0.0139759seconds

Starting to count words for files/15.txt
Splitting buffer to chunks took 0.00153089seconds
Getting word counts took 0.017133seconds
Finished counting words for files/15.txt
File took 0.0189819seconds

Starting to count words for files/16.txt
Splitting buffer to chunks took 0.000946045seconds
Getting word counts took 0.00507617seconds
Finished counting words for files/16.txt
File took 0.00634098seconds

Parallel execution time 0.358063seconds
Total time spent on chunkifying 0.0260303seconds (7.26976%)
Total time spent on mapping 0.32679seconds (91.266%)
